<?xml version="1.0" encoding="UTF-8"?>
<!-- Generated by org.testng.reporters.JUnitReportReporter -->
<testsuite hostname="LAPTOP-V67LSJQM" failures="0" tests="2" name="com.iNetBankingV1.testCases.TC_LoginTest_001" time="47.348" errors="0" timestamp="2024-03-23T20:33:53 IST" skipped="0">
  <testcase classname="com.iNetBankingV1.testCases.TC_LoginTest_001" name="openUrl" time="44.330"/>
  <testcase classname="com.iNetBankingV1.testCases.TC_LoginTest_001" name="loginTest" time="3.018"/>
</testsuite> <!-- com.iNetBankingV1.testCases.TC_LoginTest_001 -->
